-------------------------------------------------------------------------------
Test set: com.test.TestApplicationTests
-------------------------------------------------------------------------------
Tests run: 1, Failures: 0, Errors: 1, Skipped: 0, Time elapsed: 0.205 s <<< FAILURE! - in com.test.TestApplicationTests
com.test.TestApplicationTests  Time elapsed: 0.203 s  <<< ERROR!
java.lang.IllegalStateException: Unable to find a @SpringBootConfiguration, you need to use @ContextConfiguration or @SpringBootTest(classes=...) with your test

